<?xml version="1.0" encoding="UTF-8"?>
<testsuite name="com.dreamoval.aml.services.MonitoringServiceTest" time="0.072" tests="1" errors="1" skipped="0" failures="0">
  <properties>
[...]
</properties>
  <testcase name="testRunQueries" classname="com.dreamoval.aml.services.MonitoringServiceTest" time="0.072">
    <error message="401 Unauthorized" type="org.springframework.web.client.HttpClientErrorException">org.springframework.web.client.HttpClientErrorException: 401 Unauthorized
	at org.springframework.web.client.DefaultResponseErrorHandler.handleError(DefaultResponseErrorHandler.java:91)
	at org.springframework.web.client.RestTemplate.handleResponse(RestTemplate.java:641)
	at org.springframework.web.client.RestTemplate.doExecute(RestTemplate.java:597)
	at org.springframework.web.client.RestTemplate.execute(RestTemplate.java:557)
	at org.springframework.web.client.RestTemplate.postForEntity(RestTemplate.java:384)
	at com.dreamoval.aml.model.neo4j.services.NeoRestClient.runQuery(NeoRestClient.java:416)
	at com.dreamoval.aml.services.MonitoringService.runQueries(MonitoringService.java:88)
	at com.dreamoval.aml.services.MonitoringServiceTest.testRunQueries(MonitoringServiceTest.java:72)
</error>
    <system-out><![CDATA[2016-07-27 10:05:23.470  INFO 69678 --- [           main] o.s.t.c.support.AbstractContextLoader    : Could not detect default resource locations for test class [com.dreamoval.aml.services.MonitoringServiceTest]: no resource found for suffixes {-context.xml, Context.groovy}.
2016-07-27 10:05:23.480  INFO 69678 --- [           main] o.s.t.c.s.DefaultTestContextBootstrapper : Loaded default TestExecutionListener class names from location [META-INF/spring.factories]: [org.springframework.test.context.web.ServletTestExecutionListener, org.springframework.test.context.support.DirtiesContextBeforeModesTestExecutionListener, org.springframework.test.context.support.DependencyInjectionTestExecutionListener, org.springframework.test.context.support.DirtiesContextTestExecutionListener, org.springframework.test.context.transaction.TransactionalTestExecutionListener, org.springframework.test.context.jdbc.SqlScriptsTestExecutionListener]
2016-07-27 10:05:23.481  INFO 69678 --- [           main] o.s.t.c.s.DefaultTestContextBootstrapper : Using TestExecutionListeners: [org.springframework.test.context.web.ServletTestExecutionListener@2489e84a, org.springframework.test.context.support.DirtiesContextBeforeModesTestExecutionListener@2a39aa2b, org.springframework.test.context.support.DependencyInjectionTestExecutionListener@62b93086, org.springframework.test.context.support.DirtiesContextTestExecutionListener@254449bb, org.springframework.test.context.transaction.TransactionalTestExecutionListener@4e642ee1, org.springframework.test.context.jdbc.SqlScriptsTestExecutionListener@29ebbdf4]
runquery1
]]></system-out>
  </testcase>
</testsuite>